*** Laniakea Image build Report ***
Date: 2021-08-30 - Time: 15:40:55 
Report file: ./report/build_report_20210830-154055.log

INFO 2021-08-30 15:40:55,845: [Image to Build] rstudio-minimal
DEBUG 2021-08-30 15:40:55,846: [Packer template] {
	"builders": [
		{
			"type": "openstack",
			"ssh_username": "centos",
			"image_name": "rstudio-minimal_v1.0.0",
			"source_image": "671ce862-bd9e-448e-bf88-592bff65cfb8",
			"flavor": "medium",
			"ssh_ip_version": "4",
			"use_blockstorage_volume": "true",
			"volume_size": "10",
			"volume_availability_zone": "nova",
			"image_disk_format": "qcow2",
			"networks": [
				"9863761f-626c-4c72-878b-eb7b241be0fe"
			]
		}
	],
	"provisioners": [
		{
			"type": "ansible",
			"inventory_directory": "./",
			"playbook_file": "./playbooks/rstudio_minimal.yml"
		}
	]
}
INFO 2021-08-30 15:40:55,846: Start Build
INFO 2021-08-30 15:40:56,280: [Packer] Error: Failed to prepare build: "openstack"
INFO 2021-08-30 15:40:56,281: [Packer] 
INFO 2021-08-30 15:40:56,281: [Packer] 1 error(s) occurred:
INFO 2021-08-30 15:40:56,281: [Packer] 
INFO 2021-08-30 15:40:56,281: [Packer] * Missing input for argument [auth_url]
INFO 2021-08-30 15:40:56,282: [Packer] 
INFO 2021-08-30 15:40:56,282: [Packer] 
INFO 2021-08-30 15:40:56,282: [Packer] 
INFO 2021-08-30 15:40:56,282: [Packer] ==> Wait completed after 6 microseconds
INFO 2021-08-30 15:40:56,282: [Packer] 
INFO 2021-08-30 15:40:56,282: [Packer] ==> Builds finished but no artifacts were created.
INFO 2021-08-30 15:40:58,300: [Packer] 
