*** Laniakea Image build Report ***
Date: 2021-09-07 - Time: 19:25:04
Report file: ./report/build_report_20210907-192504.log

INFO 2021-09-07 19:25:04,554: [Image to Build] rstudio-minimal
DEBUG 2021-09-07 19:25:04,554: [Packer template] {
	"builders": [
		{
			"type": "openstack",
			"ssh_username": "centos",
			"image_name": "rstudio-minimal_v1.0.0",
			"source_image": "671ce862-bd9e-448e-bf88-592bff65cfb8",
			"flavor": "medium",
			"ssh_ip_version": "4",
			"use_blockstorage_volume": "true",
			"volume_size": "10",
			"volume_availability_zone": "nova",
			"image_disk_format": "qcow2",
			"networks": [
				"fe82ef7b-4bb7-4c1e-b4ec-ec5c1b0c7333"
			]
		}
	],
	"provisioners": [
		{
			"type": "ansible",
			"inventory_directory": "./",
			"playbook_file": "./playbooks/rstudio_minimal.yml"
		}
	]
}
INFO 2021-09-07 19:25:04,555: Start Build
INFO 2021-09-07 19:25:11,156: [Packer] [1;32mopenstack: output will be in this color.[0m
INFO 2021-09-07 19:25:11,156: [Packer] 
INFO 2021-09-07 19:25:11,159: [Packer] [1;32m==> openstack: Loading flavor: medium[0m
INFO 2021-09-07 19:25:21,578: [Packer] [0;32m    openstack: Verified flavor. ID: 8[0m
INFO 2021-09-07 19:25:21,580: [Packer] [1;32m==> openstack: Creating temporary keypair: packer_6137a076-c00a-6a25-3912-be89f2e64419 ...[0m
INFO 2021-09-07 19:25:27,039: [Packer] [1;32m==> openstack: Created temporary keypair: packer_6137a076-c00a-6a25-3912-be89f2e64419[0m
INFO 2021-09-07 19:25:27,050: [Packer] [1;32m==> openstack: Successfully converted BER encoded SSH key to DER encoding.[0m
INFO 2021-09-07 19:25:27,050: [Packer] [1;32m==> openstack: Creating volume...[0m
INFO 2021-09-07 19:25:33,454: [Packer] [1;32m==> openstack: Waiting for volume packer_6137a076-d9e4-9c15-6106-e3779ae27eea (volume id: d67f15dd-5d99-47e5-8023-1e3817001e32) to become available...[0m
INFO 2021-09-07 19:32:12,674: [Packer] [0;32m    openstack: Volume ID: d67f15dd-5d99-47e5-8023-1e3817001e32[0m
INFO 2021-09-07 19:32:12,675: [Packer] [1;32m==> openstack: Launching server...[0m
INFO 2021-09-07 19:32:12,676: [Packer] [1;32m==> openstack: Launching server...[0m
INFO 2021-09-07 19:32:19,339: [Packer] [0;32m    openstack: Server ID: 2a176e9b-6f87-4876-88a6-51a863a0365d[0m
INFO 2021-09-07 19:32:19,340: [Packer] [1;32m==> openstack: Waiting for server to become ready...[0m
INFO 2021-09-07 19:32:40,023: [Packer] [0;32m    openstack: Floating IP not required[0m
INFO 2021-09-07 19:32:40,024: [Packer] [1;32m==> openstack: Using SSH communicator to connect: 90.147.102.163[0m
INFO 2021-09-07 19:32:40,025: [Packer] [1;32m==> openstack: Waiting for SSH to become available...[0m
INFO 2021-09-07 19:34:13,597: [Packer] [1;32m==> openstack: Connected to SSH![0m
INFO 2021-09-07 19:34:13,603: [Packer] [1;32m==> openstack: Provisioning with Ansible...[0m
INFO 2021-09-07 19:34:13,605: [Packer] [0;32m    openstack: Setting up proxy adapter for Ansible....[0m
INFO 2021-09-07 19:34:14,734: [Packer] [1;32m==> openstack: Executing Ansible: ansible-playbook -e packer_build_name="openstack" -e packer_builder_type=openstack --ssh-extra-args '-o IdentitiesOnly=yes' -e ansible_ssh_private_key_file=/tmp/ansible-key167380110 -i packer-provisioner-ansible826978965 /home/centos/workspace/Laniakea_image_build/playbooks/rstudio_minimal.yml[0m
INFO 2021-09-07 19:34:16,433: [Packer] [0;32m    openstack:[0m
INFO 2021-09-07 19:34:16,434: [Packer] [0;32m    openstack: PLAY [default] *****************************************************************[0m
INFO 2021-09-07 19:34:16,468: [Packer] [0;32m    openstack:[0m
INFO 2021-09-07 19:34:16,470: [Packer] [0;32m    openstack: TASK [Gathering Facts] *********************************************************[0m
INFO 2021-09-07 19:37:20,705: [Packer] [0;32m    openstack: ok: [default][0m
INFO 2021-09-07 19:37:20,740: [Packer] [0;32m    openstack:[0m
INFO 2021-09-07 19:37:20,741: [Packer] [0;32m    openstack: TASK [laniakea.rstudio : install general requirements] *************************[0m
INFO 2021-09-07 19:40:32,754: [Packer] [0;32m    openstack: changed: [default][0m
INFO 2021-09-07 19:40:32,779: [Packer] [0;32m    openstack:[0m
INFO 2021-09-07 19:40:32,781: [Packer] [0;32m    openstack: TASK [laniakea.rstudio : Download specific R rpm and] **************************[0m
INFO 2021-09-07 19:42:39,796: [Packer] [0;32m    openstack: changed: [default][0m
INFO 2021-09-07 19:42:39,818: [Packer] [0;32m    openstack:[0m
INFO 2021-09-07 19:42:39,820: [Packer] [0;32m    openstack: TASK [laniakea.rstudio : install R package] ************************************[0m
INFO 2021-09-07 19:47:30,448: [Packer] [0;32m    openstack: changed: [default][0m
INFO 2021-09-07 19:47:30,465: [Packer] [0;32m    openstack:[0m
INFO 2021-09-07 19:47:30,466: [Packer] [0;32m    openstack: TASK [laniakea.rstudio : symlink to bin] ***************************************[0m
INFO 2021-09-07 19:49:31,247: [Packer] [0;32m    openstack: changed: [default] => (item=R)[0m
INFO 2021-09-07 19:51:32,015: [Packer] [0;32m    openstack: changed: [default] => (item=Rscript)[0m
INFO 2021-09-07 19:51:32,043: [Packer] [0;32m    openstack:[0m
INFO 2021-09-07 19:51:32,044: [Packer] [0;32m    openstack: TASK [laniakea.rstudio : download rstudio-server rpm package] ******************[0m
INFO 2021-09-07 19:53:41,351: [Packer] [0;32m    openstack: changed: [default][0m
INFO 2021-09-07 19:53:41,386: [Packer] [0;32m    openstack:[0m
INFO 2021-09-07 19:53:41,387: [Packer] [0;32m    openstack: TASK [laniakea.rstudio : install rstudio-server package] ***********************[0m
INFO 2021-09-07 19:56:46,197: [Packer] [0;32m    openstack: changed: [default][0m
INFO 2021-09-07 19:56:46,225: [Packer] [0;32m    openstack:[0m
INFO 2021-09-07 19:56:46,226: [Packer] [0;32m    openstack: TASK [laniakea.rstudio : configure rstudio port] *******************************[0m
INFO 2021-09-07 19:58:47,041: [Packer] [0;32m    openstack: changed: [default][0m
INFO 2021-09-07 19:58:47,068: [Packer] [0;32m    openstack:[0m
INFO 2021-09-07 19:58:47,068: [Packer] [0;32m    openstack: TASK [laniakea.rstudio : use template] *****************************************[0m
INFO 2021-09-07 20:02:28,488: [Packer] [0;32m    openstack: changed: [default][0m
INFO 2021-09-07 20:02:28,513: [Packer] [0;32m    openstack:[0m
INFO 2021-09-07 20:02:28,515: [Packer] [0;32m    openstack: TASK [laniakea.rstudio : Create galaxy db random passwd] ***********************[0m
INFO 2021-09-07 20:04:29,294: [Packer] [0;32m    openstack: changed: [default][0m
INFO 2021-09-07 20:04:29,319: [Packer] [0;32m    openstack:[0m
INFO 2021-09-07 20:04:29,320: [Packer] [0;32m    openstack: TASK [laniakea.rstudio : print password] ***************************************[0m
INFO 2021-09-07 20:04:29,415: [Packer] [0;32m    openstack: skipping: [default][0m
INFO 2021-09-07 20:04:29,443: [Packer] [0;32m    openstack:[0m
INFO 2021-09-07 20:04:29,451: [Packer] [0;32m    openstack: TASK [laniakea.rstudio : create rstudio user and set rstudio pssword] **********[0m
INFO 2021-09-07 20:06:30,331: [Packer] [0;32m    openstack: changed: [default][0m
INFO 2021-09-07 20:06:30,357: [Packer] [0;32m    openstack:[0m
INFO 2021-09-07 20:06:30,368: [Packer] [0;32m    openstack: TASK [laniakea.rstudio : save password on file] ********************************[0m
INFO 2021-09-07 20:10:11,778: [Packer] [0;32m    openstack: changed: [default][0m
INFO 2021-09-07 20:10:11,799: [Packer] [0;32m    openstack:[0m
INFO 2021-09-07 20:10:11,800: [Packer] [0;32m    openstack: TASK [laniakea.rstudio : create user directory for rstudio-packages] ***********[0m
INFO 2021-09-07 20:12:12,592: [Packer] [0;32m    openstack: changed: [default][0m
INFO 2021-09-07 20:12:12,617: [Packer] [0;32m    openstack:[0m
INFO 2021-09-07 20:12:12,619: [Packer] [0;32m    openstack: TASK [laniakea.rstudio : install requirements for Seurat] **********************[0m
INFO 2021-09-07 20:12:12,706: [Packer] [0;32m    openstack: skipping: [default][0m
INFO 2021-09-07 20:12:12,735: [Packer] [0;32m    openstack:[0m
INFO 2021-09-07 20:12:12,737: [Packer] [0;32m    openstack: TASK [laniakea.rstudio : install seurat package] *******************************[0m
INFO 2021-09-07 20:12:12,822: [Packer] [0;32m    openstack: skipping: [default][0m
INFO 2021-09-07 20:12:12,824: [Packer] [0;32m    openstack:[0m
INFO 2021-09-07 20:12:12,826: [Packer] [0;32m    openstack: RUNNING HANDLER [laniakea.rstudio : restart rstudio-server] ********************[0m
INFO 2021-09-07 20:14:13,750: [Packer] [0;32m    openstack: changed: [default][0m
INFO 2021-09-07 20:14:13,753: [Packer] [0;32m    openstack:[0m
INFO 2021-09-07 20:14:13,760: [Packer] [0;32m    openstack: PLAY RECAP *********************************************************************[0m
INFO 2021-09-07 20:14:13,760: [Packer] [0;32m    openstack: default                    : ok=14   changed=13   unreachable=0    failed=0    skipped=3    rescued=0    ignored=0[0m
INFO 2021-09-07 20:14:13,761: [Packer] [0;32m    openstack:[0m
INFO 2021-09-07 20:14:13,902: [Packer] [1;32m==> openstack: Stopping server: 2a176e9b-6f87-4876-88a6-51a863a0365d ...[0m
INFO 2021-09-07 20:14:19,331: [Packer] [0;32m    openstack: Waiting for server to stop: 2a176e9b-6f87-4876-88a6-51a863a0365d ...[0m
INFO 2021-09-07 20:14:39,965: [Packer] [1;32m==> openstack: Detaching volume packer_6137a076-d9e4-9c15-6106-e3779ae27eea (volume id: d67f15dd-5d99-47e5-8023-1e3817001e32)[0m
INFO 2021-09-07 20:14:46,303: [Packer] [1;32m==> openstack: Waiting for volume packer_6137a076-d9e4-9c15-6106-e3779ae27eea (volume id: d67f15dd-5d99-47e5-8023-1e3817001e32) to become available...[0m
INFO 2021-09-07 20:14:52,240: [Packer] [1;32m==> openstack: Creating the image: rstudio-minimal_v1.0.0[0m
INFO 2021-09-07 20:15:04,377: [Packer] [0;32m    openstack: Image: bc7b17d4-d35f-4be6-a0b4-f5e57a447a2b[0m
INFO 2021-09-07 20:15:04,379: [Packer] [1;32m==> openstack: Waiting for image rstudio-minimal_v1.0.0 (image id: bc7b17d4-d35f-4be6-a0b4-f5e57a447a2b) to become ready...[0m
INFO 2021-09-07 20:18:30,456: [Packer] [1;32m==> openstack: Terminating the source server: 2a176e9b-6f87-4876-88a6-51a863a0365d ...[0m
INFO 2021-09-07 20:18:46,293: [Packer] [1;32m==> openstack: Deleting volume: d67f15dd-5d99-47e5-8023-1e3817001e32 ...[0m
INFO 2021-09-07 20:18:51,950: [Packer] [1;32m==> openstack: Deleting temporary keypair: packer_6137a076-c00a-6a25-3912-be89f2e64419 ...[0m
INFO 2021-09-07 20:18:57,006: [Packer] [1;32mBuild 'openstack' finished after 53 minutes 45 seconds.[0m
INFO 2021-09-07 20:18:57,006: [Packer] 
INFO 2021-09-07 20:18:57,007: [Packer] ==> Wait completed after 53 minutes 45 seconds
INFO 2021-09-07 20:18:57,007: [Packer] 
INFO 2021-09-07 20:18:57,007: [Packer] ==> Builds finished. The artifacts of successful builds are:
INFO 2021-09-07 20:18:57,009: [Packer] --> openstack: An image was created: bc7b17d4-d35f-4be6-a0b4-f5e57a447a2b
INFO 2021-09-07 20:18:59,034: [Packer] 
