INFO 2021-08-27 12:21:54,195 Error: Failed to prepare build: "openstack"
INFO 2021-08-27 12:21:54,196 
INFO 2021-08-27 12:21:54,196 1 error(s) occurred:
INFO 2021-08-27 12:21:54,197 
INFO 2021-08-27 12:21:54,197 * Missing input for argument [auth_url]
INFO 2021-08-27 12:21:54,197 
INFO 2021-08-27 12:21:54,197 
INFO 2021-08-27 12:21:54,197 
INFO 2021-08-27 12:21:54,198 ==> Wait completed after 13 microseconds
INFO 2021-08-27 12:21:54,198 
INFO 2021-08-27 12:21:54,198 ==> Builds finished but no artifacts were created.
INFO 2021-08-27 12:21:56,210 
INFO 2021-08-27 12:21:56,211 
INFO 2021-08-27 12:21:56,211 
INFO 2021-08-27 12:21:56,211 
INFO 2021-08-27 12:21:56,211 
INFO 2021-08-27 12:21:56,212 
INFO 2021-08-27 12:21:56,212 
INFO 2021-08-27 12:21:56,212 
INFO 2021-08-27 12:21:56,212 
INFO 2021-08-27 12:21:56,212 
