INFO 2021-08-26 19:21:12,145 Error: Failed to prepare build: "openstack"
INFO 2021-08-26 19:21:12,146 
INFO 2021-08-26 19:21:12,146 1 error(s) occurred:
INFO 2021-08-26 19:21:12,146 
INFO 2021-08-26 19:21:12,147 * Missing input for argument [auth_url]
INFO 2021-08-26 19:21:12,147 
INFO 2021-08-26 19:21:12,147 
INFO 2021-08-26 19:21:12,147 
INFO 2021-08-26 19:21:12,147 ==> Wait completed after 6 microseconds
INFO 2021-08-26 19:21:12,147 
INFO 2021-08-26 19:21:12,147 ==> Builds finished but no artifacts were created.
INFO 2021-08-26 19:21:14,162 
INFO 2021-08-26 19:21:14,162 
INFO 2021-08-26 19:21:14,162 
INFO 2021-08-26 19:21:14,162 
INFO 2021-08-26 19:21:14,163 
INFO 2021-08-26 19:21:14,163 
INFO 2021-08-26 19:21:14,163 
INFO 2021-08-26 19:21:14,163 
INFO 2021-08-26 19:21:14,163 
INFO 2021-08-26 19:21:14,163 
INFO 2021-08-26 19:21:14,163 
INFO 2021-08-26 19:21:14,164 
INFO 2021-08-26 19:21:14,164 
INFO 2021-08-26 19:21:14,164 
INFO 2021-08-26 19:21:14,164 
INFO 2021-08-26 19:21:14,164 
INFO 2021-08-26 19:21:14,164 
INFO 2021-08-26 19:21:14,164 
INFO 2021-08-26 19:21:14,164 
INFO 2021-08-26 19:21:14,164 
INFO 2021-08-26 19:21:14,165 
INFO 2021-08-26 19:21:14,165 
INFO 2021-08-26 19:21:14,165 
INFO 2021-08-26 19:21:14,165 
INFO 2021-08-26 19:21:14,165 
INFO 2021-08-26 19:21:14,165 
INFO 2021-08-26 19:21:14,165 
