*** Laniakea Image build Report ***
Date: 2021-08-30 - Time: 16:52:26
Report file: ./report/build_report_20210830-165226.log

INFO 2021-08-30 16:52:26,399: [Image to Build] rstudio-minimal
DEBUG 2021-08-30 16:52:26,400: [Packer template] {
	"builders": [
		{
			"type": "openstack",
			"ssh_username": "centos",
			"image_name": "rstudio-minimal_v1.0.0",
			"source_image": "671ce862-bd9e-448e-bf88-592bff65cfb8",
			"flavor": "medium",
			"ssh_ip_version": "4",
			"use_blockstorage_volume": "true",
			"volume_size": "10",
			"volume_availability_zone": "nova",
			"image_disk_format": "qcow2",
			"networks": [
				"9863761f-626c-4c72-878b-eb7b241be0fe"
			]
		}
	],
	"provisioners": [
		{
			"type": "ansible",
			"inventory_directory": "./",
			"playbook_file": "./playbooks/rstudio_minimal.yml"
		}
	]
}
INFO 2021-08-30 16:52:26,400: Start Build
INFO 2021-08-30 16:52:33,051: [Packer] [1;32mopenstack: output will be in this color.[0m
INFO 2021-08-30 16:52:33,052: [Packer] 
INFO 2021-08-30 16:52:33,052: [Packer] [1;32m==> openstack: Loading flavor: medium[0m
INFO 2021-08-30 16:52:43,545: [Packer] [0;32m    openstack: Verified flavor. ID: 8[0m
INFO 2021-08-30 16:52:43,548: [Packer] [1;32m==> openstack: Creating temporary keypair: packer_612cf0b0-7ea6-61e4-091c-2e033e8868fb ...[0m
INFO 2021-08-30 16:52:49,120: [Packer] [1;32m==> openstack: Created temporary keypair: packer_612cf0b0-7ea6-61e4-091c-2e033e8868fb[0m
INFO 2021-08-30 16:52:49,135: [Packer] [1;32m==> openstack: Successfully converted BER encoded SSH key to DER encoding.[0m
INFO 2021-08-30 16:52:49,135: [Packer] [1;32m==> openstack: Creating volume...[0m
INFO 2021-08-30 16:52:55,617: [Packer] [1;32m==> openstack: Waiting for volume packer_612cf0b0-9875-5b82-160b-e78f00c3534f (volume id: bd3696e5-be8a-4004-bbba-4cab6af5b07d) to become available...[0m
INFO 2021-08-30 16:59:50,997: [Packer] [0;32m    openstack: Volume ID: bd3696e5-be8a-4004-bbba-4cab6af5b07d[0m
INFO 2021-08-30 16:59:51,000: [Packer] [1;32m==> openstack: Launching server...[0m
INFO 2021-08-30 16:59:51,000: [Packer] [1;32m==> openstack: Launching server...[0m
INFO 2021-08-30 16:59:57,829: [Packer] [0;32m    openstack: Server ID: 5859e496-d773-4975-983e-b3881559626d[0m
INFO 2021-08-30 16:59:57,830: [Packer] [1;32m==> openstack: Waiting for server to become ready...[0m
INFO 2021-08-30 17:00:18,112: [Packer] [0;32m    openstack: Floating IP not required[0m
INFO 2021-08-30 17:00:18,113: [Packer] [1;32m==> openstack: Using SSH communicator to connect: 172.30.16.21[0m
INFO 2021-08-30 17:00:18,115: [Packer] [1;32m==> openstack: Waiting for SSH to become available...[0m
INFO 2021-08-30 17:05:18,120: [Packer] [1;31m==> openstack: Timeout waiting for SSH.[0m
INFO 2021-08-30 17:05:18,121: [Packer] [1;32m==> openstack: Terminating the source server: 5859e496-d773-4975-983e-b3881559626d ...[0m
INFO 2021-08-30 17:05:47,625: [Packer] [1;32m==> openstack: Deleting volume: bd3696e5-be8a-4004-bbba-4cab6af5b07d ...[0m
INFO 2021-08-30 17:05:55,076: [Packer] [1;32m==> openstack: Deleting temporary keypair: packer_612cf0b0-7ea6-61e4-091c-2e033e8868fb ...[0m
INFO 2021-08-30 17:06:00,834: [Packer] [1;31mBuild 'openstack' errored after 13 minutes 27 seconds: Timeout waiting for SSH.[0m
INFO 2021-08-30 17:06:00,834: [Packer] 
INFO 2021-08-30 17:06:00,834: [Packer] ==> Wait completed after 13 minutes 27 seconds
INFO 2021-08-30 17:06:00,834: [Packer] 
INFO 2021-08-30 17:06:00,835: [Packer] ==> Some builds didn't complete successfully and had errors:
INFO 2021-08-30 17:06:00,835: [Packer] --> openstack: Timeout waiting for SSH.
INFO 2021-08-30 17:06:00,835: [Packer] 
INFO 2021-08-30 17:06:00,835: [Packer] ==> Builds finished but no artifacts were created.
INFO 2021-08-30 17:06:02,858: [Packer] 
