INFO 2021-08-26 18:59:27,605 Error: Failed to prepare build: "openstack"
INFO 2021-08-26 18:59:27,606 
INFO 2021-08-26 18:59:27,606 1 error(s) occurred:
INFO 2021-08-26 18:59:27,607 
INFO 2021-08-26 18:59:27,607 * Missing input for argument [auth_url]
INFO 2021-08-26 18:59:27,607 
INFO 2021-08-26 18:59:27,607 
INFO 2021-08-26 18:59:27,608 
INFO 2021-08-26 18:59:27,608 ==> Wait completed after 9 microseconds
INFO 2021-08-26 18:59:27,608 
INFO 2021-08-26 18:59:27,608 ==> Builds finished but no artifacts were created.
INFO 2021-08-26 18:59:29,625 
INFO 2021-08-26 18:59:29,626 
INFO 2021-08-26 18:59:29,626 
INFO 2021-08-26 18:59:29,626 
INFO 2021-08-26 18:59:29,626 
INFO 2021-08-26 18:59:29,626 
INFO 2021-08-26 18:59:29,627 
INFO 2021-08-26 18:59:29,627 
INFO 2021-08-26 18:59:29,627 
INFO 2021-08-26 18:59:29,627 
INFO 2021-08-26 18:59:29,627 
INFO 2021-08-26 18:59:29,628 
INFO 2021-08-26 18:59:29,628 
INFO 2021-08-26 18:59:29,628 
INFO 2021-08-26 18:59:29,628 
INFO 2021-08-26 18:59:29,628 
INFO 2021-08-26 18:59:29,628 
INFO 2021-08-26 18:59:29,628 
INFO 2021-08-26 18:59:29,629 
INFO 2021-08-26 18:59:29,629 
INFO 2021-08-26 18:59:29,629 
INFO 2021-08-26 18:59:29,629 
INFO 2021-08-26 18:59:29,629 
INFO 2021-08-26 18:59:29,629 
INFO 2021-08-26 18:59:29,630 
INFO 2021-08-26 18:59:29,630 
INFO 2021-08-26 18:59:29,630 
INFO 2021-08-26 18:59:29,630 
INFO 2021-08-26 18:59:29,630 
INFO 2021-08-26 18:59:29,630 
INFO 2021-08-26 18:59:29,631 
INFO 2021-08-26 18:59:29,631 
INFO 2021-08-26 18:59:29,631 
INFO 2021-08-26 18:59:29,631 
INFO 2021-08-26 18:59:29,631 
INFO 2021-08-26 18:59:29,631 
INFO 2021-08-26 18:59:29,632 
INFO 2021-08-26 18:59:29,632 
INFO 2021-08-26 18:59:29,632 
INFO 2021-08-26 18:59:29,632 
INFO 2021-08-26 18:59:29,632 
INFO 2021-08-26 18:59:29,632 
INFO 2021-08-26 18:59:29,632 
INFO 2021-08-26 18:59:29,632 
INFO 2021-08-26 18:59:29,632 
INFO 2021-08-26 18:59:29,633 
INFO 2021-08-26 18:59:29,633 
INFO 2021-08-26 18:59:29,633 
INFO 2021-08-26 18:59:29,633 
INFO 2021-08-26 18:59:29,633 
INFO 2021-08-26 18:59:29,633 
