*** Laniakea Image build Report ***
Date: 2021-08-30 - Time: 19:01:59
Report file: ./report/build_report_20210830-190159.log

INFO 2021-08-30 19:01:59,983: [Image to Build] rstudio-minimal
DEBUG 2021-08-30 19:01:59,983: [Packer template] {
	"builders": [
		{
			"type": "openstack",
			"ssh_username": "centos",
			"image_name": "rstudio-minimal_v1.0.0",
			"source_image": "671ce862-bd9e-448e-bf88-592bff65cfb8",
			"flavor": "medium",
			"ssh_ip_version": "4",
			"use_blockstorage_volume": "true",
			"volume_size": "10",
			"volume_availability_zone": "nova",
			"image_disk_format": "qcow2",
			"networks": [
				"fe82ef7b-4bb7-4c1e-b4ec-ec5c1b0c7333"
			]
		}
	],
	"provisioners": [
		{
			"type": "ansible",
			"inventory_directory": "./",
			"playbook_file": "./playbooks/rstudio_minimal.yml"
		}
	]
}
INFO 2021-08-30 19:01:59,983: Start Build
INFO 2021-08-30 19:02:06,536: [Packer] [1;32mopenstack: output will be in this color.[0m
INFO 2021-08-30 19:02:06,536: [Packer] 
INFO 2021-08-30 19:02:06,537: [Packer] [1;32m==> openstack: Loading flavor: medium[0m
INFO 2021-08-30 19:02:17,210: [Packer] [0;32m    openstack: Verified flavor. ID: 8[0m
INFO 2021-08-30 19:02:17,210: [Packer] [1;32m==> openstack: Creating temporary keypair: packer_612d0f0d-5a96-ad35-971a-8875d3888a35 ...[0m
INFO 2021-08-30 19:02:22,796: [Packer] [1;32m==> openstack: Created temporary keypair: packer_612d0f0d-5a96-ad35-971a-8875d3888a35[0m
INFO 2021-08-30 19:02:22,806: [Packer] [1;32m==> openstack: Successfully converted BER encoded SSH key to DER encoding.[0m
INFO 2021-08-30 19:02:22,807: [Packer] [1;32m==> openstack: Creating volume...[0m
INFO 2021-08-30 19:02:31,138: [Packer] [1;32m==> openstack: Waiting for volume packer_612d0f0d-e727-ce52-099f-d827f6ac5379 (volume id: 7a27ffb8-8a17-4443-b01b-6d1f4c47c41c) to become available...[0m
INFO 2021-08-30 19:07:53,057: [Packer] [0;32m    openstack: Volume ID: 7a27ffb8-8a17-4443-b01b-6d1f4c47c41c[0m
INFO 2021-08-30 19:07:53,059: [Packer] [1;32m==> openstack: Launching server...[0m
INFO 2021-08-30 19:07:53,060: [Packer] [1;32m==> openstack: Launching server...[0m
INFO 2021-08-30 19:08:02,212: [Packer] [0;32m    openstack: Server ID: 41e7b2a6-fe4e-43a9-8b9d-950e3640235b[0m
INFO 2021-08-30 19:08:02,214: [Packer] [1;32m==> openstack: Waiting for server to become ready...[0m
INFO 2021-08-30 19:08:22,287: [Packer] [0;32m    openstack: Floating IP not required[0m
INFO 2021-08-30 19:08:22,288: [Packer] [1;32m==> openstack: Using SSH communicator to connect: 90.147.102.158[0m
INFO 2021-08-30 19:08:22,288: [Packer] [1;32m==> openstack: Waiting for SSH to become available...[0m
INFO 2021-08-30 19:09:48,756: [Packer] [1;32m==> openstack: Connected to SSH![0m
INFO 2021-08-30 19:09:48,761: [Packer] [1;32m==> openstack: Provisioning with Ansible...[0m
INFO 2021-08-30 19:09:48,764: [Packer] [0;32m    openstack: Setting up proxy adapter for Ansible....[0m
INFO 2021-08-30 19:09:49,851: [Packer] [1;32m==> openstack: Executing Ansible: ansible-playbook -e packer_build_name="openstack" -e packer_builder_type=openstack --ssh-extra-args '-o IdentitiesOnly=yes' -e ansible_ssh_private_key_file=/tmp/ansible-key829982731 -i packer-provisioner-ansible083356654 /home/centos/workspace/Laniakea_image_build/playbooks/rstudio_minimal.yml[0m
INFO 2021-08-30 19:09:51,119: [Packer] [0;32m    openstack: ERROR! the role 'laniakea.rstudio' was not found in /home/centos/workspace/Laniakea_image_build/playbooks/roles:/home/centos/.ansible/roles:/usr/share/ansible/roles:/etc/ansible/roles:/home/centos/workspace/Laniakea_image_build/playbooks[0m
INFO 2021-08-30 19:09:51,119: [Packer] [0;32m    openstack:[0m
INFO 2021-08-30 19:09:51,121: [Packer] [0;32m    openstack: The error appears to be in '/home/centos/workspace/Laniakea_image_build/playbooks/rstudio_minimal.yml': line 4, column 7, but may[0m
INFO 2021-08-30 19:09:51,123: [Packer] [0;32m    openstack: be elsewhere in the file depending on the exact syntax problem.[0m
INFO 2021-08-30 19:09:51,124: [Packer] [0;32m    openstack:[0m
INFO 2021-08-30 19:09:51,125: [Packer] [0;32m    openstack: The offending line appears to be:[0m
INFO 2021-08-30 19:09:51,126: [Packer] [0;32m    openstack:[0m
INFO 2021-08-30 19:09:51,127: [Packer] [0;32m    openstack:   roles:[0m
INFO 2021-08-30 19:09:51,129: [Packer] [0;32m    openstack:     - role: laniakea.rstudio[0m
INFO 2021-08-30 19:09:51,130: [Packer] [0;32m    openstack:       ^ here[0m
INFO 2021-08-30 19:09:51,224: [Packer] [1;32m==> openstack: Provisioning step had errors: Running the cleanup provisioner, if present...[0m
INFO 2021-08-30 19:09:51,225: [Packer] [1;32m==> openstack: Terminating the source server: 41e7b2a6-fe4e-43a9-8b9d-950e3640235b ...[0m
INFO 2021-08-30 19:10:06,915: [Packer] [1;32m==> openstack: Deleting volume: 7a27ffb8-8a17-4443-b01b-6d1f4c47c41c ...[0m
INFO 2021-08-30 19:10:12,911: [Packer] [1;32m==> openstack: Deleting temporary keypair: packer_612d0f0d-5a96-ad35-971a-8875d3888a35 ...[0m
INFO 2021-08-30 19:10:18,479: [Packer] [1;31mBuild 'openstack' errored after 8 minutes 11 seconds: Error executing Ansible: Non-zero exit status: exit status 1[0m
INFO 2021-08-30 19:10:18,480: [Packer] 
INFO 2021-08-30 19:10:18,480: [Packer] ==> Wait completed after 8 minutes 11 seconds
INFO 2021-08-30 19:10:18,480: [Packer] 
INFO 2021-08-30 19:10:18,480: [Packer] ==> Some builds didn't complete successfully and had errors:
INFO 2021-08-30 19:10:18,481: [Packer] --> openstack: Error executing Ansible: Non-zero exit status: exit status 1
INFO 2021-08-30 19:10:18,481: [Packer] 
INFO 2021-08-30 19:10:18,481: [Packer] ==> Builds finished but no artifacts were created.
INFO 2021-08-30 19:10:20,498: [Packer] 
